{"total": {"lines":{"total":322,"covered":321,"skipped":0,"pct":99.68},"statements":{"total":331,"covered":327,"skipped":0,"pct":98.79},"functions":{"total":84,"covered":80,"skipped":0,"pct":95.23},"branches":{"total":98,"covered":95,"skipped":0,"pct":96.93},"branchesTrue":{"total":0,"covered":0,"skipped":0,"pct":100}}
,"/Users/tenalbourchier/Desktop/Development/Projects/boutiqueboarding/frontend/src/components/BottomNav/BottomNav.tsx": {"lines":{"total":18,"covered":18,"skipped":0,"pct":100},"functions":{"total":6,"covered":6,"skipped":0,"pct":100},"statements":{"total":18,"covered":18,"skipped":0,"pct":100},"branches":{"total":10,"covered":8,"skipped":0,"pct":80}}
,"/Users/tenalbourchier/Desktop/Development/Projects/boutiqueboarding/frontend/src/components/BottomNav/useBottomNav.ts": {"lines":{"total":25,"covered":25,"skipped":0,"pct":100},"functions":{"total":6,"covered":5,"skipped":0,"pct":83.33},"statements":{"total":26,"covered":25,"skipped":0,"pct":96.15},"branches":{"total":1,"covered":1,"skipped":0,"pct":100}}
,"/Users/tenalbourchier/Desktop/Development/Projects/boutiqueboarding/frontend/src/components/Header/Header.tsx": {"lines":{"total":6,"covered":6,"skipped":0,"pct":100},"functions":{"total":1,"covered":1,"skipped":0,"pct":100},"statements":{"total":6,"covered":6,"skipped":0,"pct":100},"branches":{"total":6,"covered":5,"skipped":0,"pct":83.33}}
,"/Users/tenalbourchier/Desktop/Development/Projects/boutiqueboarding/frontend/src/components/Header/useHeader.ts": {"lines":{"total":19,"covered":19,"skipped":0,"pct":100},"functions":{"total":3,"covered":2,"skipped":0,"pct":66.66},"statements":{"total":20,"covered":19,"skipped":0,"pct":95},"branches":{"total":2,"covered":2,"skipped":0,"pct":100}}
,"/Users/tenalbourchier/Desktop/Development/Projects/boutiqueboarding/frontend/src/components/InfoCard/InfoCard.tsx": {"lines":{"total":6,"covered":6,"skipped":0,"pct":100},"functions":{"total":1,"covered":1,"skipped":0,"pct":100},"statements":{"total":6,"covered":6,"skipped":0,"pct":100},"branches":{"total":36,"covered":36,"skipped":0,"pct":100}}
,"/Users/tenalbourchier/Desktop/Development/Projects/boutiqueboarding/frontend/src/components/InfoCard/useInfoCard.ts": {"lines":{"total":9,"covered":9,"skipped":0,"pct":100},"functions":{"total":2,"covered":2,"skipped":0,"pct":100},"statements":{"total":9,"covered":9,"skipped":0,"pct":100},"branches":{"total":1,"covered":1,"skipped":0,"pct":100}}
,"/Users/tenalbourchier/Desktop/Development/Projects/boutiqueboarding/frontend/src/components/ReviewBox/ReviewBox.tsx": {"lines":{"total":21,"covered":21,"skipped":0,"pct":100},"functions":{"total":3,"covered":3,"skipped":0,"pct":100},"statements":{"total":23,"covered":23,"skipped":0,"pct":100},"branches":{"total":5,"covered":5,"skipped":0,"pct":100}}
,"/Users/tenalbourchier/Desktop/Development/Projects/boutiqueboarding/frontend/src/components/ReviewBox/useReviewBox.ts": {"lines":{"total":13,"covered":13,"skipped":0,"pct":100},"functions":{"total":3,"covered":3,"skipped":0,"pct":100},"statements":{"total":14,"covered":14,"skipped":0,"pct":100},"branches":{"total":2,"covered":2,"skipped":0,"pct":100}}
,"/Users/tenalbourchier/Desktop/Development/Projects/boutiqueboarding/frontend/src/components/SingleAccordion/SingleAccordion.tsx": {"lines":{"total":7,"covered":7,"skipped":0,"pct":100},"functions":{"total":1,"covered":1,"skipped":0,"pct":100},"statements":{"total":7,"covered":7,"skipped":0,"pct":100},"branches":{"total":2,"covered":2,"skipped":0,"pct":100}}
,"/Users/tenalbourchier/Desktop/Development/Projects/boutiqueboarding/frontend/src/components/TopNav/TopNav.tsx": {"lines":{"total":13,"covered":13,"skipped":0,"pct":100},"functions":{"total":3,"covered":3,"skipped":0,"pct":100},"statements":{"total":13,"covered":13,"skipped":0,"pct":100},"branches":{"total":14,"covered":14,"skipped":0,"pct":100}}
,"/Users/tenalbourchier/Desktop/Development/Projects/boutiqueboarding/frontend/src/components/TopNav/useTopNav.ts": {"lines":{"total":22,"covered":22,"skipped":0,"pct":100},"functions":{"total":7,"covered":7,"skipped":0,"pct":100},"statements":{"total":23,"covered":23,"skipped":0,"pct":100},"branches":{"total":6,"covered":6,"skipped":0,"pct":100}}
,"/Users/tenalbourchier/Desktop/Development/Projects/boutiqueboarding/frontend/src/utils/generalHelper.ts": {"lines":{"total":8,"covered":8,"skipped":0,"pct":100},"functions":{"total":2,"covered":2,"skipped":0,"pct":100},"statements":{"total":10,"covered":10,"skipped":0,"pct":100},"branches":{"total":2,"covered":2,"skipped":0,"pct":100}}
,"/Users/tenalbourchier/Desktop/Development/Projects/boutiqueboarding/frontend/src/views/About/About.tsx": {"lines":{"total":19,"covered":19,"skipped":0,"pct":100},"functions":{"total":7,"covered":7,"skipped":0,"pct":100},"statements":{"total":19,"covered":19,"skipped":0,"pct":100},"branches":{"total":2,"covered":2,"skipped":0,"pct":100}}
,"/Users/tenalbourchier/Desktop/Development/Projects/boutiqueboarding/frontend/src/views/Faqs/Faqs.tsx": {"lines":{"total":24,"covered":24,"skipped":0,"pct":100},"functions":{"total":7,"covered":7,"skipped":0,"pct":100},"statements":{"total":24,"covered":24,"skipped":0,"pct":100},"branches":{"total":0,"covered":0,"skipped":0,"pct":100}}
,"/Users/tenalbourchier/Desktop/Development/Projects/boutiqueboarding/frontend/src/views/Faqs/useFaqs.ts": {"lines":{"total":22,"covered":22,"skipped":0,"pct":100},"functions":{"total":7,"covered":7,"skipped":0,"pct":100},"statements":{"total":22,"covered":22,"skipped":0,"pct":100},"branches":{"total":1,"covered":1,"skipped":0,"pct":100}}
,"/Users/tenalbourchier/Desktop/Development/Projects/boutiqueboarding/frontend/src/views/Home/Home.tsx": {"lines":{"total":24,"covered":24,"skipped":0,"pct":100},"functions":{"total":6,"covered":6,"skipped":0,"pct":100},"statements":{"total":24,"covered":24,"skipped":0,"pct":100},"branches":{"total":0,"covered":0,"skipped":0,"pct":100}}
,"/Users/tenalbourchier/Desktop/Development/Projects/boutiqueboarding/frontend/src/views/Reviews/Reviews.tsx": {"lines":{"total":27,"covered":26,"skipped":0,"pct":96.29},"functions":{"total":8,"covered":7,"skipped":0,"pct":87.5},"statements":{"total":27,"covered":26,"skipped":0,"pct":96.29},"branches":{"total":2,"covered":2,"skipped":0,"pct":100}}
,"/Users/tenalbourchier/Desktop/Development/Projects/boutiqueboarding/frontend/src/views/Reviews/useReviews.ts": {"lines":{"total":39,"covered":39,"skipped":0,"pct":100},"functions":{"total":11,"covered":10,"skipped":0,"pct":90.9},"statements":{"total":40,"covered":39,"skipped":0,"pct":97.5},"branches":{"total":6,"covered":6,"skipped":0,"pct":100}}
}
